#
# There is insufficient memory for the Java Runtime Environment to continue.
# Native memory allocation (malloc) failed to allocate 32744 bytes for ChunkPool::allocate
# Possible reasons:
#   The system is out of physical RAM or swap space
#   In 32 bit mode, the process size limit was hit
# Possible solutions:
#   Reduce memory load on the system
#   Increase physical memory or swap space
#   Check if swap backing store is full
#   Use 64 bit Java on a 64 bit OS
#   Decrease Java heap size (-Xmx/-Xms)
#   Decrease number of Java threads
#   Decrease Java thread stack sizes (-Xss)
#   Set larger code cache with -XX:ReservedCodeCacheSize=
# This output file may be truncated or incomplete.
#
#  Out of Memory Error (allocation.cpp:273), pid=11960, tid=0x0000000000002f10
#
# JRE version: Java(TM) SE Runtime Environment (8.0_131-b11) (build 1.8.0_131-b11)
# Java VM: Java HotSpot(TM) 64-Bit Server VM (25.131-b11 mixed mode windows-amd64 compressed oops)
# Failed to write core dump. Minidumps are not enabled by default on client versions of Windows
#

---------------  T H R E A D  ---------------

Current thread (0x0000000012cc5000):  JavaThread "C1 CompilerThread1" daemon [_thread_in_native, id=12048, stack(0x00000000134c0000,0x00000000135c0000)]

Stack: [0x00000000134c0000,0x00000000135c0000]
[error occurred during error reporting (printing stack bounds), id 0xc0000005]

Native frames: (J=compiled Java code, j=interpreted, Vv=VM code, C=native code)


Current CompileTask:
C1:   3428  501       3       javax.swing.plaf.nimbus.NimbusStyle::validate (1178 bytes)


---------------  P R O C E S S  ---------------

Java Threads: ( => current thread )
  0x000000001470b000 JavaThread "TimerQueue" daemon [_thread_blocked, id=12076, stack(0x0000000016110000,0x0000000016210000)]
  0x0000000002bae000 JavaThread "DestroyJavaVM" [_thread_blocked, id=12020, stack(0x0000000002cb0000,0x0000000002db0000)]
  0x0000000013b96800 JavaThread "AWT-EventQueue-0" [_thread_in_native, id=12072, stack(0x0000000014de0000,0x0000000014ee0000)]
  0x0000000013b81800 JavaThread "AWT-Windows" daemon [_thread_in_native, id=12068, stack(0x0000000013ef0000,0x0000000013ff0000)]
  0x0000000013b7c800 JavaThread "AWT-Shutdown" [_thread_blocked, id=12064, stack(0x0000000013df0000,0x0000000013ef0000)]
  0x0000000013b7b800 JavaThread "Java2D Disposer" daemon [_thread_blocked, id=12060, stack(0x0000000013cf0000,0x0000000013df0000)]
  0x0000000012d42000 JavaThread "Service Thread" daemon [_thread_blocked, id=12052, stack(0x00000000135c0000,0x00000000136c0000)]
=>0x0000000012cc5000 JavaThread "C1 CompilerThread1" daemon [_thread_in_native, id=12048, stack(0x00000000134c0000,0x00000000135c0000)]
  0x0000000012cbf000 JavaThread "C2 CompilerThread0" daemon [_thread_blocked, id=12044, stack(0x00000000133c0000,0x00000000134c0000)]
  0x0000000012cbe800 JavaThread "Attach Listener" daemon [_thread_blocked, id=12040, stack(0x00000000132c0000,0x00000000133c0000)]
  0x0000000012ccb000 JavaThread "Signal Dispatcher" daemon [_thread_blocked, id=12036, stack(0x00000000131c0000,0x00000000132c0000)]
  0x0000000012ca5800 JavaThread "Finalizer" daemon [_thread_blocked, id=12032, stack(0x0000000012fd0000,0x00000000130d0000)]
  0x0000000012c81000 JavaThread "Reference Handler" daemon [_thread_blocked, id=12028, stack(0x0000000012ed0000,0x0000000012fd0000)]

Other Threads:
  0x0000000012c7b000 VMThread [stack: 0x0000000012dd0000,0x0000000012ed0000] [id=12024]
  0x0000000012d46000 WatcherThread [stack: 0x00000000136c0000,0x00000000137c0000] [id=12056]

VM state:not at safepoint (normal execution)

VM Mutex/Monitor currently owned by a thread: None

Heap:
 def new generation   total 7424K, used 5654K [0x00000000e8000000, 0x00000000e8800000, 0x00000000f0000000)
  eden space 6656K,  84% used [0x00000000e8000000, 0x00000000e8585be0, 0x00000000e8680000)
  from space 768K,   0% used [0x00000000e8680000, 0x00000000e8680000, 0x00000000e8740000)
  to   space 768K,   0% used [0x00000000e8740000, 0x00000000e8740000, 0x00000000e8800000)
 tenured generation   total 16384K, used 0K [0x00000000f0000000, 0x00000000f1000000, 0x0000000100000000)
   the space 16384K,   0% used [0x00000000f0000000, 0x00000000f0000000, 0x00000000f0000200, 0x00000000f1000000)
 Metaspace       used 11967K, capacity 12174K, committed 12416K, reserved 1060864K
  class space    used 1591K, capacity 1661K, committed 1664K, reserved 1048576K

Card table byte_map: [0x0000000012270000,0x0000000012340000] byte_map_base: 0x0000000011b30000

Polling page: 0x00000000010b0000

CodeCache: size=245760Kb used=2188Kb max_used=2199Kb free=243571Kb
 bounds [0x0000000002eb0000, 0x0000000003120000, 0x0000000011eb0000]
 total_blobs=945 nmethods=502 adapters=357
 compilation: enabled

Compilation events (10 events):
Event: 3.401 Thread 0x0000000012cc5000 nmethod 498 0x00000000030d2010 code [0x00000000030d2180, 0x00000000030d24d0]
Event: 3.401 Thread 0x0000000012cc5000  499       1       javax.swing.plaf.nimbus.DerivedColor::getUiDefaultParentName (5 bytes)
Event: 3.401 Thread 0x0000000012cc5000 nmethod 499 0x00000000030cfa90 code [0x00000000030cfbe0, 0x00000000030cfcf0]
Event: 3.409 Thread 0x0000000012cc5000  500       3       java.lang.Class::checkInitted (19 bytes)
Event: 3.409 Thread 0x0000000012cc5000 nmethod 500 0x00000000030d1ad0 code [0x00000000030d1c40, 0x00000000030d1f08]
Event: 3.410 Thread 0x0000000012cc5000  501       3       javax.swing.plaf.nimbus.NimbusStyle::validate (1178 bytes)
Event: 3.414 Thread 0x0000000012cbf000  504       4       java.lang.String::lastIndexOf (52 bytes)
Event: 3.416 Thread 0x0000000012cbf000 nmethod 504 0x00000000030d3ed0 code [0x00000000030d4000, 0x00000000030d4158]
Event: 3.417 Thread 0x0000000012cbf000  505       4       sun.awt.AppContext::getAppContext (51 bytes)
Event: 3.417 Thread 0x0000000012cbf000 nmethod 505 0x00000000030cf7d0 code [0x00000000030cf900, 0x00000000030cf998]

GC Heap History (0 events):
No events

Deoptimization events (1 events):
Event: 3.133 Thread 0x0000000013b96800 Uncommon trap: reason=unstable_if action=reinterpret pc=0x00000000030a6870 method=java.lang.String.<init>([CII)V @ 18

Internal exceptions (10 events):
Event: 2.517 Thread 0x0000000002bae000 Exception <a 'java/lang/ClassNotFoundException': ToolBar> (0x00000000e83420b0) thrown at [C:\re\workspace\8-2-build-windows-amd64-cygwin\jdk8u131\8869\hotspot\src\share\vm\classfile\systemDictionary.cpp, line 210]
Event: 2.517 Thread 0x0000000002bae000 Exception <a 'java/lang/ClassNotFoundException': ToggleButton> (0x00000000e8342660) thrown at [C:\re\workspace\8-2-build-windows-amd64-cygwin\jdk8u131\8869\hotspot\src\share\vm\classfile\systemDictionary.cpp, line 210]
Event: 2.517 Thread 0x0000000002bae000 Exception <a 'java/lang/ClassNotFoundException': javax/swing/JToolBarSeparator> (0x00000000e8342ac0) thrown at [C:\re\workspace\8-2-build-windows-amd64-cygwin\jdk8u131\8869\hotspot\src\share\vm\classfile\systemDictionary.cpp, line 210]
Event: 2.517 Thread 0x0000000002bae000 Exception <a 'java/lang/ClassNotFoundException': ToolBarSeparator> (0x00000000e8342f58) thrown at [C:\re\workspace\8-2-build-windows-amd64-cygwin\jdk8u131\8869\hotspot\src\share\vm\classfile\systemDictionary.cpp, line 210]
Event: 2.518 Thread 0x0000000002bae000 Exception <a 'java/lang/ClassNotFoundException': ToolTip> (0x00000000e8343698) thrown at [C:\re\workspace\8-2-build-windows-amd64-cygwin\jdk8u131\8869\hotspot\src\share\vm\classfile\systemDictionary.cpp, line 210]
Event: 2.522 Thread 0x0000000002bae000 Exception <a 'java/lang/ClassNotFoundException': Tree> (0x00000000e83442b8) thrown at [C:\re\workspace\8-2-build-windows-amd64-cygwin\jdk8u131\8869\hotspot\src\share\vm\classfile\systemDictionary.cpp, line 210]
Event: 2.522 Thread 0x0000000002bae000 Exception <a 'java/lang/ClassNotFoundException': Tree> (0x00000000e83449f8) thrown at [C:\re\workspace\8-2-build-windows-amd64-cygwin\jdk8u131\8869\hotspot\src\share\vm\classfile\systemDictionary.cpp, line 210]
Event: 2.522 Thread 0x0000000002bae000 Exception <a 'java/lang/ClassNotFoundException': javax/swing/JTreeCell> (0x00000000e8344d78) thrown at [C:\re\workspace\8-2-build-windows-amd64-cygwin\jdk8u131\8869\hotspot\src\share\vm\classfile\systemDictionary.cpp, line 210]
Event: 2.523 Thread 0x0000000002bae000 Exception <a 'java/lang/ClassNotFoundException': TreeCell> (0x00000000e8345200) thrown at [C:\re\workspace\8-2-build-windows-amd64-cygwin\jdk8u131\8869\hotspot\src\share\vm\classfile\systemDictionary.cpp, line 210]
Event: 2.525 Thread 0x0000000002bae000 Exception <a 'java/lang/ClassNotFoundException': RootPane> (0x00000000e8345c60) thrown at [C:\re\workspace\8-2-build-windows-amd64-cygwin\jdk8u131\8869\hotspot\src\share\vm\classfile\systemDictionary.cpp, line 210]

Events (10 events):
Event: 3.414 loading class javax/swing/plaf/synth/SynthScrollPaneUI done
Event: 3.414 loading class javax/swing/plaf/nimbus/ScrollPanePainter
Event: 3.414 loading class javax/swing/plaf/nimbus/ScrollPanePainter done
Event: 3.420 loading class javax/swing/plaf/synth/SynthScrollPaneUI$ViewportBorder
Event: 3.420 loading class javax/swing/plaf/synth/SynthScrollPaneUI$ViewportBorder done
Event: 3.421 loading class javax/swing/plaf/basic/BasicScrollPaneUI$Handler
Event: 3.422 loading class javax/swing/plaf/basic/BasicScrollPaneUI$Handler done
Event: 3.422 loading class javax/swing/plaf/synth/SynthScrollPaneUI$ViewportViewFocusHandler
Event: 3.422 loading class javax/swing/plaf/synth/SynthScrollPaneUI$ViewportViewFocusHandler done
Event: 3.424 loading class javax/swing/plaf/synth/SynthComboBoxUI$SynthComboBoxRenderer


Dynamic libraries:
0x00007ff68b370000 - 0x00007ff68b3a7000 	C:\Program Files\Java\jdk1.8.0_131\bin\java.exe
0x00007ffc1a4b0000 - 0x00007ffc1a681000 	C:\Windows\SYSTEM32\ntdll.dll
0x00007ffc1a400000 - 0x00007ffc1a4ac000 	C:\Windows\System32\KERNEL32.DLL
0x00007ffc16cd0000 - 0x00007ffc16eed000 	C:\Windows\System32\KERNELBASE.dll
0x00007ffc1a110000 - 0x00007ffc1a1b2000 	C:\Windows\System32\ADVAPI32.dll
0x00007ffc19930000 - 0x00007ffc199ce000 	C:\Windows\System32\msvcrt.dll
0x00007ffc199d0000 - 0x00007ffc19a29000 	C:\Windows\System32\sechost.dll
0x00007ffc19ba0000 - 0x00007ffc19cc1000 	C:\Windows\System32\RPCRT4.dll
0x00007ffc19cd0000 - 0x00007ffc19e35000 	C:\Windows\System32\USER32.dll
0x00007ffc17a20000 - 0x00007ffc17a3e000 	C:\Windows\System32\win32u.dll
0x00007ffc1a1e0000 - 0x00007ffc1a214000 	C:\Windows\System32\GDI32.dll
0x00007ffc176f0000 - 0x00007ffc17870000 	C:\Windows\System32\gdi32full.dll
0x00007ffc0cb50000 - 0x00007ffc0cdca000 	C:\Windows\WinSxS\amd64_microsoft.windows.common-controls_6595b64144ccf1df_6.0.14393.953_none_42151e83c686086b\COMCTL32.dll
0x00007ffc19e40000 - 0x00007ffc1a108000 	C:\Windows\System32\combase.dll
0x00007ffc17870000 - 0x00007ffc17965000 	C:\Windows\System32\ucrtbase.dll
0x00007ffc17680000 - 0x00007ffc176ea000 	C:\Windows\System32\bcryptPrimitives.dll
0x00007ffc198f0000 - 0x00007ffc1991e000 	C:\Windows\System32\IMM32.DLL
0x000000006a740000 - 0x000000006a812000 	C:\Program Files\Java\jdk1.8.0_131\jre\bin\msvcr100.dll
0x000000006a820000 - 0x000000006b0bc000 	C:\Program Files\Java\jdk1.8.0_131\jre\bin\server\jvm.dll
0x00007ffc1a3f0000 - 0x00007ffc1a3f8000 	C:\Windows\System32\PSAPI.DLL
0x00007ffc13690000 - 0x00007ffc13699000 	C:\Windows\SYSTEM32\WSOCK32.dll
0x00007ffc1a380000 - 0x00007ffc1a3ea000 	C:\Windows\System32\WS2_32.dll
0x00007ffc0a7c0000 - 0x00007ffc0a7ca000 	C:\Windows\SYSTEM32\VERSION.dll
0x00007ffc148f0000 - 0x00007ffc14913000 	C:\Windows\SYSTEM32\WINMM.dll
0x00007ffc148c0000 - 0x00007ffc148eb000 	C:\Windows\SYSTEM32\WINMMBASE.dll
0x00007ffc16f50000 - 0x00007ffc16f92000 	C:\Windows\System32\cfgmgr32.dll
0x000000006a6f0000 - 0x000000006a6ff000 	C:\Program Files\Java\jdk1.8.0_131\jre\bin\verify.dll
0x000000006a6c0000 - 0x000000006a6e9000 	C:\Program Files\Java\jdk1.8.0_131\jre\bin\java.dll
0x000000006a6a0000 - 0x000000006a6b6000 	C:\Program Files\Java\jdk1.8.0_131\jre\bin\zip.dll
0x00007ffc17aa0000 - 0x00007ffc18fa8000 	C:\Windows\System32\SHELL32.dll
0x00007ffc16fa0000 - 0x00007ffc1767a000 	C:\Windows\System32\windows.storage.dll
0x00007ffc16940000 - 0x00007ffc1698c000 	C:\Windows\System32\powrprof.dll
0x00007ffc1a220000 - 0x00007ffc1a272000 	C:\Windows\System32\shlwapi.dll
0x00007ffc16930000 - 0x00007ffc1693f000 	C:\Windows\System32\kernel.appcore.dll
0x00007ffc17970000 - 0x00007ffc17a19000 	C:\Windows\System32\shcore.dll
0x00007ffc16990000 - 0x00007ffc169a4000 	C:\Windows\System32\profapi.dll
0x000000006a4c0000 - 0x000000006a658000 	C:\Program Files\Java\jdk1.8.0_131\jre\bin\awt.dll
0x00007ffc197d0000 - 0x00007ffc1988f000 	C:\Windows\System32\OLEAUT32.dll
0x00007ffc16b80000 - 0x00007ffc16c1c000 	C:\Windows\System32\msvcp_win.dll
0x00007ffc14ec0000 - 0x00007ffc14f3a000 	C:\Windows\SYSTEM32\apphelp.dll
0x00007ffc15100000 - 0x00007ffc15195000 	C:\Windows\system32\uxtheme.dll
0x00007ffc19a30000 - 0x00007ffc19b8a000 	C:\Windows\System32\MSCTF.dll
0x00007ffc14770000 - 0x00007ffc14796000 	C:\Windows\system32\dwmapi.dll
0x00007ffc19690000 - 0x00007ffc197c8000 	C:\Windows\System32\ole32.dll
0x000000006a470000 - 0x000000006a4b7000 	C:\Program Files\Java\jdk1.8.0_131\jre\bin\fontmanager.dll
0x00007ffc0d590000 - 0x00007ffc0d6b3000 	C:\Windows\system32\opengl32.dll
0x00007ffc13410000 - 0x00007ffc1343d000 	C:\Windows\SYSTEM32\GLU32.dll
0x00007ffc0aa20000 - 0x00007ffc0ab17000 	C:\Windows\SYSTEM32\DDRAW.dll
0x00007ffc12620000 - 0x00007ffc12628000 	C:\Windows\SYSTEM32\DCIMAN32.dll
0x00007ffbfcbf0000 - 0x00007ffbfcd7d000 	C:\Windows\system32\d3d9.dll
0x00007ffc0cf90000 - 0x00007ffc0cfb5000 	C:\Windows\SYSTEM32\prl_umdd.dll
0x000000006a680000 - 0x000000006a69a000 	C:\Program Files\Java\jdk1.8.0_131\jre\bin\net.dll
0x00007ffc161f0000 - 0x00007ffc1624c000 	C:\Windows\system32\mswsock.dll
0x000000006a660000 - 0x000000006a671000 	C:\Program Files\Java\jdk1.8.0_131\jre\bin\nio.dll
0x000000006a420000 - 0x000000006a462000 	C:\Program Files\Java\jdk1.8.0_131\jre\bin\t2k.dll

VM Arguments:
jvm_args: -Dfile.encoding=UTF-8 
java_command: GUI.Analyse
java_class_path (initial): \\Mac\Home\Desktop\twitter4j-4.0.4\lib\twitter4j-async-4.0.4.jar;\\Mac\Home\Desktop\twitter4j-4.0.4\lib\twitter4j-core-4.0.4.jar;\\Mac\Home\Desktop\twitter4j-4.0.4\lib\twitter4j-examples-4.0.4.jar;\\Mac\Home\Desktop\twitter4j-4.0.4\lib\twitter4j-media-support-4.0.4.jar;\\Mac\Home\Desktop\twitter4j-4.0.4\lib\twitter4j-stream-4.0.4.jar;\\Mac\Home\Desktop\SentiStrength.jar;\\Mac\Home\Desktop\mongo-java-driver-3.4.2-javadoc.jar;\\Mac\Home\Desktop\mongo-java-driver-3.4.2.jar;\\Mac\Home\Desktop\jfreechart-1.0.19\jfreechart-1.0.19\lib\hamcrest-core-1.3.jar;\\Mac\Home\Desktop\jfreechart-1.0.19\jfreechart-1.0.19\lib\jcommon-1.0.23.jar;\\Mac\Home\Desktop\jfreechart-1.0.19\jfreechart-1.0.19\lib\jfreechart-1.0.19-experimental.jar;\\Mac\Home\Desktop\jfreechart-1.0.19\jfreechart-1.0.19\lib\jfreechart-1.0.19-swt.jar;\\Mac\Home\Desktop\jfreechart-1.0.19\jfreechart-1.0.19\lib\jfreechart-1.0.19.jar;\\Mac\Home\Desktop\jfreechart-1.0.19\jfreechart-1.0.19\lib\jfreesvg-2.0.jar;\\Mac\Home\Desktop\jfreechart-1.0.19\jfreechart-1.0.19\lib\junit-4.11.jar;\\Mac\Home\Desktop\jfreechart-1.0.19\jfreechart-1.0.19\lib\orsoncharts-1.4-eval-nofx.jar;\\Mac\Home\Desktop\jfreechart-1.0.19\jfreechart-1.0.19\lib\orsonpdf-1.6-eval.jar;\\Mac\Home\Desktop\jfreechart-1.0.19\jfreechart-1.0.19\lib\servlet.jar;\\Mac\Home\Desktop\jfreechart-1.0.19\jfreechart-1.0.19\lib\swtgraphics2d.jar;\\Mac\Home\Desktop\jcalendar-1.4.jar;\\Mac\Home\Desktop\twitter4j-core-4.0.2.jar;\\Mac\Home\Documents\NetBeansProjects\pr1\build\classes
Launcher Type: SUN_STANDARD

Environment Variables:
PATH=C:\ProgramData\Oracle\Java\javapath;C:\Program Files (x86)\Parallels\Parallels Tools\Applications;C:\Windows\system32;C:\Windows;C:\Windows\System32\Wbem;C:\Windows\System32\WindowsPowerShell\v1.0\;C:\Program Files\MongoDB\Server\3.4\bin
USERNAME=nikitaivancov
OS=Windows_NT
PROCESSOR_IDENTIFIER=Intel64 Family 6 Model 69 Stepping 1, GenuineIntel



---------------  S Y S T E M  ---------------

OS: Windows 10.0 , 64 bit Build 14393 (10.0.14393.1198)

CPU:total 2 (initial active 2) (2 cores per cpu, 1 threads per core) family 6 model 69 stepping 1, cmov, cx8, fxsr, mmx, sse, sse2, sse3, ssse3, sse4.1, sse4.2, popcnt, avx, avx2, aes, clmul, erms, lzcnt, tsc, bmi1, bmi2

Memory: 4k page, physical 1572388k(89304k free), swap 6290980k(3396k free)

vm_info: Java HotSpot(TM) 64-Bit Server VM (25.131-b11) for windows-amd64 JRE (1.8.0_131-b11), built on Mar 15 2017 01:23:53 by "java_re" with MS VC++ 10.0 (VS2010)

time: Sat Jul 01 03:43:12 2017
elapsed time: 3 seconds (0d 0h 0m 3s)

