#
# There is insufficient memory for the Java Runtime Environment to continue.
# Native memory allocation (malloc) failed to allocate 283296 bytes for Chunk::new
# Possible reasons:
#   The system is out of physical RAM or swap space
#   In 32 bit mode, the process size limit was hit
# Possible solutions:
#   Reduce memory load on the system
#   Increase physical memory or swap space
#   Check if swap backing store is full
#   Use 64 bit Java on a 64 bit OS
#   Decrease Java heap size (-Xmx/-Xms)
#   Decrease number of Java threads
#   Decrease Java thread stack sizes (-Xss)
#   Set larger code cache with -XX:ReservedCodeCacheSize=
# This output file may be truncated or incomplete.
#
#  Out of Memory Error (allocation.cpp:390), pid=3748, tid=0x00000000000019b0
#
# JRE version: Java(TM) SE Runtime Environment (8.0_131-b11) (build 1.8.0_131-b11)
# Java VM: Java HotSpot(TM) 64-Bit Server VM (25.131-b11 mixed mode windows-amd64 compressed oops)
# Failed to write core dump. Minidumps are not enabled by default on client versions of Windows
#

---------------  T H R E A D  ---------------

Current thread (0x0000000012434000):  JavaThread "C2 CompilerThread0" daemon [_thread_in_native, id=6576, stack(0x0000000012b30000,0x0000000012c30000)]

Stack: [0x0000000012b30000,0x0000000012c30000]
[error occurred during error reporting (printing stack bounds), id 0xc0000005]

Native frames: (J=compiled Java code, j=interpreted, Vv=VM code, C=native code)


Current CompileTask:
C2:5081176 1126 % !   4       javax.swing.TimerQueue::run @ 9 (242 bytes)


---------------  P R O C E S S  ---------------

Java Threads: ( => current thread )
  0x0000000013313800 JavaThread "D3D Screen Updater" daemon [_thread_blocked, id=3680, stack(0x0000000015bd0000,0x0000000015cd0000)]
  0x00000000023fe000 JavaThread "DestroyJavaVM" [_thread_blocked, id=6228, stack(0x0000000002420000,0x0000000002520000)]
  0x0000000013312000 JavaThread "TimerQueue" daemon [_thread_blocked, id=3732, stack(0x0000000015690000,0x0000000015790000)]
  0x00000000132fb000 JavaThread "AWT-EventQueue-0" [_thread_blocked, id=2844, stack(0x0000000014d90000,0x0000000014e90000)]
  0x00000000132d9800 JavaThread "AWT-Windows" daemon [_thread_in_native, id=4688, stack(0x0000000013660000,0x0000000013760000)]
  0x000000001328b800 JavaThread "AWT-Shutdown" [_thread_blocked, id=6064, stack(0x0000000013560000,0x0000000013660000)]
  0x0000000013281000 JavaThread "Java2D Disposer" daemon [_thread_blocked, id=3672, stack(0x0000000013460000,0x0000000013560000)]
  0x0000000012497000 JavaThread "Service Thread" daemon [_thread_blocked, id=332, stack(0x0000000012d30000,0x0000000012e30000)]
  0x000000001248f800 JavaThread "C1 CompilerThread1" daemon [_thread_blocked, id=3848, stack(0x0000000012c30000,0x0000000012d30000)]
=>0x0000000012434000 JavaThread "C2 CompilerThread0" daemon [_thread_in_native, id=6576, stack(0x0000000012b30000,0x0000000012c30000)]
  0x0000000012432800 JavaThread "Attach Listener" daemon [_thread_blocked, id=3888, stack(0x0000000012a30000,0x0000000012b30000)]
  0x000000001242f800 JavaThread "Signal Dispatcher" daemon [_thread_blocked, id=348, stack(0x0000000012930000,0x0000000012a30000)]
  0x000000001241b000 JavaThread "Finalizer" daemon [_thread_blocked, id=5716, stack(0x0000000012740000,0x0000000012840000)]
  0x00000000123f1000 JavaThread "Reference Handler" daemon [_thread_blocked, id=6632, stack(0x0000000012640000,0x0000000012740000)]

Other Threads:
  0x00000000123eb000 VMThread [stack: 0x0000000012540000,0x0000000012640000] [id=1132]
  0x000000001249b000 WatcherThread [stack: 0x0000000012e30000,0x0000000012f30000] [id=3796]

VM state:not at safepoint (normal execution)

VM Mutex/Monitor currently owned by a thread: None

Heap:
 def new generation   total 7424K, used 737K [0x00000000e8000000, 0x00000000e8800000, 0x00000000f0000000)
  eden space 6656K,  10% used [0x00000000e8000000, 0x00000000e80b64f0, 0x00000000e8680000)
  from space 768K,   1% used [0x00000000e8680000, 0x00000000e8682040, 0x00000000e8740000)
  to   space 768K,   0% used [0x00000000e8740000, 0x00000000e8740000, 0x00000000e8800000)
 tenured generation   total 16384K, used 1422K [0x00000000f0000000, 0x00000000f1000000, 0x0000000100000000)
   the space 16384K,   8% used [0x00000000f0000000, 0x00000000f0163af8, 0x00000000f0163c00, 0x00000000f1000000)
 Metaspace       used 9750K, capacity 9906K, committed 10240K, reserved 1058816K
  class space    used 1117K, capacity 1189K, committed 1280K, reserved 1048576K

Card table byte_map: [0x00000000119e0000,0x0000000011ab0000] byte_map_base: 0x00000000112a0000

Polling page: 0x0000000002350000

CodeCache: size=245760Kb used=4076Kb max_used=4089Kb free=241683Kb
 bounds [0x0000000002620000, 0x0000000002a30000, 0x0000000011620000]
 total_blobs=1583 nmethods=1125 adapters=372
 compilation: enabled

Compilation events (10 events):
Event: 3645.292 Thread 0x0000000012434000 nmethod 1121 0x0000000002a06010 code [0x0000000002a06180, 0x0000000002a064a8]
Event: 3671.187 Thread 0x0000000012434000 1122   !   4       java.awt.event.InvocationEvent::dispatch (69 bytes)
Event: 3671.404 Thread 0x0000000012434000 nmethod 1122 0x0000000002a11cd0 code [0x0000000002a12160, 0x0000000002a158e0]
Event: 4994.453 Thread 0x000000001248f800 1123   !   3       java.util.concurrent.DelayQueue::offer (60 bytes)
Event: 4994.528 Thread 0x000000001248f800 nmethod 1123 0x0000000002a09dd0 code [0x0000000002a09fe0, 0x0000000002a0aaa8]
Event: 5035.739 Thread 0x0000000012434000 1124 % !   4       sun.java2d.d3d.D3DScreenUpdateManager::run @ 0 (267 bytes)
Event: 5035.846 Thread 0x0000000012434000 nmethod 1124% 0x0000000002a0df10 code [0x0000000002a0e0c0, 0x0000000002a0eef8]
Event: 5054.235 Thread 0x0000000012434000 1125 %     4       java.awt.EventDispatchThread::pumpEventsForFilter @ 10 (47 bytes)
Event: 5054.262 Thread 0x0000000012434000 nmethod 1125% 0x00000000029f3950 code [0x00000000029f3ac0, 0x00000000029f3d78]
Event: 5081.036 Thread 0x0000000012434000 1126 % !   4       javax.swing.TimerQueue::run @ 9 (242 bytes)

GC Heap History (10 events):
Event: 2759.700 GC heap before
{Heap before GC invocations=5 (full 0):
 def new generation   total 7424K, used 6663K [0x00000000e8000000, 0x00000000e8800000, 0x00000000f0000000)
  eden space 6656K, 100% used [0x00000000e8000000, 0x00000000e8680000, 0x00000000e8680000)
  from space 768K,   1% used [0x00000000e8740000, 0x00000000e8741fd0, 0x00000000e8800000)
  to   space 768K,   0% used [0x00000000e8680000, 0x00000000e8680000, 0x00000000e8740000)
 tenured generation   total 16384K, used 1422K [0x00000000f0000000, 0x00000000f1000000, 0x0000000100000000)
   the space 16384K,   8% used [0x00000000f0000000, 0x00000000f0163af8, 0x00000000f0163c00, 0x00000000f1000000)
 Metaspace       used 9740K, capacity 9906K, committed 10240K, reserved 1058816K
  class space    used 1117K, capacity 1189K, committed 1280K, reserved 1048576K
Event: 2759.757 GC heap after
Heap after GC invocations=6 (full 0):
 def new generation   total 7424K, used 8K [0x00000000e8000000, 0x00000000e8800000, 0x00000000f0000000)
  eden space 6656K,   0% used [0x00000000e8000000, 0x00000000e8000000, 0x00000000e8680000)
  from space 768K,   1% used [0x00000000e8680000, 0x00000000e8682038, 0x00000000e8740000)
  to   space 768K,   0% used [0x00000000e8740000, 0x00000000e8740000, 0x00000000e8800000)
 tenured generation   total 16384K, used 1422K [0x00000000f0000000, 0x00000000f1000000, 0x0000000100000000)
   the space 16384K,   8% used [0x00000000f0000000, 0x00000000f0163af8, 0x00000000f0163c00, 0x00000000f1000000)
 Metaspace       used 9740K, capacity 9906K, committed 10240K, reserved 1058816K
  class space    used 1117K, capacity 1189K, committed 1280K, reserved 1048576K
}
Event: 3329.038 GC heap before
{Heap before GC invocations=6 (full 0):
 def new generation   total 7424K, used 6664K [0x00000000e8000000, 0x00000000e8800000, 0x00000000f0000000)
  eden space 6656K, 100% used [0x00000000e8000000, 0x00000000e8680000, 0x00000000e8680000)
  from space 768K,   1% used [0x00000000e8680000, 0x00000000e8682038, 0x00000000e8740000)
  to   space 768K,   0% used [0x00000000e8740000, 0x00000000e8740000, 0x00000000e8800000)
 tenured generation   total 16384K, used 1422K [0x00000000f0000000, 0x00000000f1000000, 0x0000000100000000)
   the space 16384K,   8% used [0x00000000f0000000, 0x00000000f0163af8, 0x00000000f0163c00, 0x00000000f1000000)
 Metaspace       used 9750K, capacity 9906K, committed 10240K, reserved 1058816K
  class space    used 1117K, capacity 1189K, committed 1280K, reserved 1048576K
Event: 3329.106 GC heap after
Heap after GC invocations=7 (full 0):
 def new generation   total 7424K, used 8K [0x00000000e8000000, 0x00000000e8800000, 0x00000000f0000000)
  eden space 6656K,   0% used [0x00000000e8000000, 0x00000000e8000000, 0x00000000e8680000)
  from space 768K,   1% used [0x00000000e8740000, 0x00000000e8742000, 0x00000000e8800000)
  to   space 768K,   0% used [0x00000000e8680000, 0x00000000e8680000, 0x00000000e8740000)
 tenured generation   total 16384K, used 1422K [0x00000000f0000000, 0x00000000f1000000, 0x0000000100000000)
   the space 16384K,   8% used [0x00000000f0000000, 0x00000000f0163af8, 0x00000000f0163c00, 0x00000000f1000000)
 Metaspace       used 9750K, capacity 9906K, committed 10240K, reserved 1058816K
  class space    used 1117K, capacity 1189K, committed 1280K, reserved 1048576K
}
Event: 3878.127 GC heap before
{Heap before GC invocations=7 (full 0):
 def new generation   total 7424K, used 6664K [0x00000000e8000000, 0x00000000e8800000, 0x00000000f0000000)
  eden space 6656K, 100% used [0x00000000e8000000, 0x00000000e8680000, 0x00000000e8680000)
  from space 768K,   1% used [0x00000000e8740000, 0x00000000e8742000, 0x00000000e8800000)
  to   space 768K,   0% used [0x00000000e8680000, 0x00000000e8680000, 0x00000000e8740000)
 tenured generation   total 16384K, used 1422K [0x00000000f0000000, 0x00000000f1000000, 0x0000000100000000)
   the space 16384K,   8% used [0x00000000f0000000, 0x00000000f0163af8, 0x00000000f0163c00, 0x00000000f1000000)
 Metaspace       used 9750K, capacity 9906K, committed 10240K, reserved 1058816K
  class space    used 1117K, capacity 1189K, committed 1280K, reserved 1048576K
Event: 3878.222 GC heap after
Heap after GC invocations=8 (full 0):
 def new generation   total 7424K, used 8K [0x00000000e8000000, 0x00000000e8800000, 0x00000000f0000000)
  eden space 6656K,   0% used [0x00000000e8000000, 0x00000000e8000000, 0x00000000e8680000)
  from space 768K,   1% used [0x00000000e8680000, 0x00000000e8682040, 0x00000000e8740000)
  to   space 768K,   0% used [0x00000000e8740000, 0x00000000e8740000, 0x00000000e8800000)
 tenured generation   total 16384K, used 1422K [0x00000000f0000000, 0x00000000f1000000, 0x0000000100000000)
   the space 16384K,   8% used [0x00000000f0000000, 0x00000000f0163af8, 0x00000000f0163c00, 0x00000000f1000000)
 Metaspace       used 9750K, capacity 9906K, committed 10240K, reserved 1058816K
  class space    used 1117K, capacity 1189K, committed 1280K, reserved 1048576K
}
Event: 4450.761 GC heap before
{Heap before GC invocations=8 (full 0):
 def new generation   total 7424K, used 6664K [0x00000000e8000000, 0x00000000e8800000, 0x00000000f0000000)
  eden space 6656K, 100% used [0x00000000e8000000, 0x00000000e8680000, 0x00000000e8680000)
  from space 768K,   1% used [0x00000000e8680000, 0x00000000e8682040, 0x00000000e8740000)
  to   space 768K,   0% used [0x00000000e8740000, 0x00000000e8740000, 0x00000000e8800000)
 tenured generation   total 16384K, used 1422K [0x00000000f0000000, 0x00000000f1000000, 0x0000000100000000)
   the space 16384K,   8% used [0x00000000f0000000, 0x00000000f0163af8, 0x00000000f0163c00, 0x00000000f1000000)
 Metaspace       used 9750K, capacity 9906K, committed 10240K, reserved 1058816K
  class space    used 1117K, capacity 1189K, committed 1280K, reserved 1048576K
Event: 4450.875 GC heap after
Heap after GC invocations=9 (full 0):
 def new generation   total 7424K, used 8K [0x00000000e8000000, 0x00000000e8800000, 0x00000000f0000000)
  eden space 6656K,   0% used [0x00000000e8000000, 0x00000000e8000000, 0x00000000e8680000)
  from space 768K,   1% used [0x00000000e8740000, 0x00000000e8742040, 0x00000000e8800000)
  to   space 768K,   0% used [0x00000000e8680000, 0x00000000e8680000, 0x00000000e8740000)
 tenured generation   total 16384K, used 1422K [0x00000000f0000000, 0x00000000f1000000, 0x0000000100000000)
   the space 16384K,   8% used [0x00000000f0000000, 0x00000000f0163af8, 0x00000000f0163c00, 0x00000000f1000000)
 Metaspace       used 9750K, capacity 9906K, committed 10240K, reserved 1058816K
  class space    used 1117K, capacity 1189K, committed 1280K, reserved 1048576K
}
Event: 5023.641 GC heap before
{Heap before GC invocations=9 (full 0):
 def new generation   total 7424K, used 6664K [0x00000000e8000000, 0x00000000e8800000, 0x00000000f0000000)
  eden space 6656K, 100% used [0x00000000e8000000, 0x00000000e8680000, 0x00000000e8680000)
  from space 768K,   1% used [0x00000000e8740000, 0x00000000e8742040, 0x00000000e8800000)
  to   space 768K,   0% used [0x00000000e8680000, 0x00000000e8680000, 0x00000000e8740000)
 tenured generation   total 16384K, used 1422K [0x00000000f0000000, 0x00000000f1000000, 0x0000000100000000)
   the space 16384K,   8% used [0x00000000f0000000, 0x00000000f0163af8, 0x00000000f0163c00, 0x00000000f1000000)
 Metaspace       used 9750K, capacity 9906K, committed 10240K, reserved 1058816K
  class space    used 1117K, capacity 1189K, committed 1280K, reserved 1048576K
Event: 5023.761 GC heap after
Heap after GC invocations=10 (full 0):
 def new generation   total 7424K, used 8K [0x00000000e8000000, 0x00000000e8800000, 0x00000000f0000000)
  eden space 6656K,   0% used [0x00000000e8000000, 0x00000000e8000000, 0x00000000e8680000)
  from space 768K,   1% used [0x00000000e8680000, 0x00000000e8682040, 0x00000000e8740000)
  to   space 768K,   0% used [0x00000000e8740000, 0x00000000e8740000, 0x00000000e8800000)
 tenured generation   total 16384K, used 1422K [0x00000000f0000000, 0x00000000f1000000, 0x0000000100000000)
   the space 16384K,   8% used [0x00000000f0000000, 0x00000000f0163af8, 0x00000000f0163c00, 0x00000000f1000000)
 Metaspace       used 9750K, capacity 9906K, committed 10240K, reserved 1058816K
  class space    used 1117K, capacity 1189K, committed 1280K, reserved 1048576K
}

Deoptimization events (6 events):
Event: 4.498 Thread 0x00000000132fb000 Uncommon trap: reason=unstable_if action=reinterpret pc=0x000000000283ed38 method=sun.java2d.loops.ProcessPath$ActiveEdgeList.sort()V @ 52
Event: 158.403 Thread 0x0000000013312000 Uncommon trap: reason=unstable_if action=reinterpret pc=0x00000000029a18a0 method=java.util.concurrent.locks.AbstractQueuedSynchronizer.unparkSuccessor(Ljava/util/concurrent/locks/AbstractQueuedSynchronizer$Node;)V @ 22
Event: 162.901 Thread 0x0000000013312000 Uncommon trap: reason=unstable_if action=reinterpret pc=0x000000000298f62c method=java.util.concurrent.locks.AbstractQueuedSynchronizer.unparkSuccessor(Ljava/util/concurrent/locks/AbstractQueuedSynchronizer$Node;)V @ 22
Event: 235.056 Thread 0x0000000013312000 Uncommon trap: reason=unstable_if action=reinterpret pc=0x00000000029843b0 method=java.util.concurrent.locks.ReentrantLock$Sync.nonfairTryAcquire(I)Z @ 19
Event: 3414.861 Thread 0x00000000132fb000 Uncommon trap: reason=unstable_if action=reinterpret pc=0x00000000029d96d4 method=java.util.concurrent.locks.AbstractQueuedSynchronizer.addWaiter(Ljava/util/concurrent/locks/AbstractQueuedSynchronizer$Node;)Ljava/util/concurrent/locks/AbstractQueuedSynchr
Event: 4987.913 Thread 0x00000000132fb000 Uncommon trap: reason=unstable_if action=reinterpret pc=0x0000000002a0bdb8 method=java.util.concurrent.locks.AbstractQueuedSynchronizer$ConditionObject.signal()V @ 24

Internal exceptions (10 events):
Event: 0.629 Thread 0x00000000023fe000 Exception <a 'java/security/PrivilegedActionException'> (0x00000000e80d9448) thrown at [C:\re\workspace\8-2-build-windows-amd64-cygwin\jdk8u131\8869\hotspot\src\share\vm\prims\jvm.cpp, line 1390]
Event: 0.632 Thread 0x00000000023fe000 Exception <a 'java/security/PrivilegedActionException'> (0x00000000e80dd358) thrown at [C:\re\workspace\8-2-build-windows-amd64-cygwin\jdk8u131\8869\hotspot\src\share\vm\prims\jvm.cpp, line 1390]
Event: 0.632 Thread 0x00000000023fe000 Exception <a 'java/security/PrivilegedActionException'> (0x00000000e80dd568) thrown at [C:\re\workspace\8-2-build-windows-amd64-cygwin\jdk8u131\8869\hotspot\src\share\vm\prims\jvm.cpp, line 1390]
Event: 0.648 Thread 0x00000000023fe000 Exception <a 'java/io/FileNotFoundException'> (0x00000000e80dfc38) thrown at [C:\re\workspace\8-2-build-windows-amd64-cygwin\jdk8u131\8869\hotspot\src\share\vm\prims\jni.cpp, line 709]
Event: 0.759 Thread 0x00000000023fe000 Exception <a 'java/lang/NoSuchFieldError': method resolution failed> (0x00000000e81ae368) thrown at [C:\re\workspace\8-2-build-windows-amd64-cygwin\jdk8u131\8869\hotspot\src\share\vm\prims\methodHandles.cpp, line 1146]
Event: 0.771 Thread 0x00000000023fe000 Exception <a 'java/lang/NoSuchFieldError': method resolution failed> (0x00000000e81bb760) thrown at [C:\re\workspace\8-2-build-windows-amd64-cygwin\jdk8u131\8869\hotspot\src\share\vm\prims\methodHandles.cpp, line 1146]
Event: 0.944 Thread 0x00000000023fe000 Exception <a 'java/io/FileNotFoundException'> (0x00000000e8250150) thrown at [C:\re\workspace\8-2-build-windows-amd64-cygwin\jdk8u131\8869\hotspot\src\share\vm\prims\jni.cpp, line 709]
Event: 158.402 Thread 0x0000000013312000 Implicit null exception at 0x00000000029a120e to 0x00000000029a1871
Event: 162.901 Thread 0x0000000013312000 Implicit null exception at 0x000000000298f4e7 to 0x000000000298f60d
Event: 4987.904 Thread 0x00000000132fb000 Implicit null exception at 0x0000000002a0b4ed to 0x0000000002a0bda1

Events (10 events):
Event: 3414.886 Thread 0x00000000132fb000 DEOPT UNPACKING pc=0x000000000266556a sp=0x0000000014e8e158 mode 2
Event: 3878.107 Executing VM operation: GenCollectForAllocation
Event: 3878.222 Executing VM operation: GenCollectForAllocation done
Event: 4450.729 Executing VM operation: GenCollectForAllocation
Event: 4450.876 Executing VM operation: GenCollectForAllocation done
Event: 4987.908 Thread 0x00000000132fb000 Uncommon trap: trap_request=0xffffff65 fr.pc=0x0000000002a0bdb8
Event: 4987.919 Thread 0x00000000132fb000 DEOPT PACKING pc=0x0000000002a0bdb8 sp=0x0000000014e8e420
Event: 4987.929 Thread 0x00000000132fb000 DEOPT UNPACKING pc=0x000000000266556a sp=0x0000000014e8e370 mode 2
Event: 5023.617 Executing VM operation: GenCollectForAllocation
Event: 5023.762 Executing VM operation: GenCollectForAllocation done


Dynamic libraries:
0x00007ff68b370000 - 0x00007ff68b3a7000 	C:\Program Files\Java\jdk1.8.0_131\bin\java.exe
0x00007ffc1a4b0000 - 0x00007ffc1a681000 	C:\Windows\SYSTEM32\ntdll.dll
0x00007ffc1a400000 - 0x00007ffc1a4ac000 	C:\Windows\System32\KERNEL32.DLL
0x00007ffc16cd0000 - 0x00007ffc16eed000 	C:\Windows\System32\KERNELBASE.dll
0x00007ffc1a110000 - 0x00007ffc1a1b2000 	C:\Windows\System32\ADVAPI32.dll
0x00007ffc19930000 - 0x00007ffc199ce000 	C:\Windows\System32\msvcrt.dll
0x00007ffc199d0000 - 0x00007ffc19a29000 	C:\Windows\System32\sechost.dll
0x00007ffc19ba0000 - 0x00007ffc19cc1000 	C:\Windows\System32\RPCRT4.dll
0x00007ffc19cd0000 - 0x00007ffc19e35000 	C:\Windows\System32\USER32.dll
0x00007ffc17a20000 - 0x00007ffc17a3e000 	C:\Windows\System32\win32u.dll
0x00007ffc1a1e0000 - 0x00007ffc1a214000 	C:\Windows\System32\GDI32.dll
0x00007ffc176f0000 - 0x00007ffc17870000 	C:\Windows\System32\gdi32full.dll
0x00007ffc0cb50000 - 0x00007ffc0cdca000 	C:\Windows\WinSxS\amd64_microsoft.windows.common-controls_6595b64144ccf1df_6.0.14393.953_none_42151e83c686086b\COMCTL32.dll
0x00007ffc19e40000 - 0x00007ffc1a108000 	C:\Windows\System32\combase.dll
0x00007ffc17870000 - 0x00007ffc17965000 	C:\Windows\System32\ucrtbase.dll
0x00007ffc17680000 - 0x00007ffc176ea000 	C:\Windows\System32\bcryptPrimitives.dll
0x00007ffc198f0000 - 0x00007ffc1991e000 	C:\Windows\System32\IMM32.DLL
0x000000006a740000 - 0x000000006a812000 	C:\Program Files\Java\jdk1.8.0_131\jre\bin\msvcr100.dll
0x000000006a820000 - 0x000000006b0bc000 	C:\Program Files\Java\jdk1.8.0_131\jre\bin\server\jvm.dll
0x00007ffc1a3f0000 - 0x00007ffc1a3f8000 	C:\Windows\System32\PSAPI.DLL
0x00007ffc13690000 - 0x00007ffc13699000 	C:\Windows\SYSTEM32\WSOCK32.dll
0x00007ffc0a7c0000 - 0x00007ffc0a7ca000 	C:\Windows\SYSTEM32\VERSION.dll
0x00007ffc1a380000 - 0x00007ffc1a3ea000 	C:\Windows\System32\WS2_32.dll
0x00007ffc148f0000 - 0x00007ffc14913000 	C:\Windows\SYSTEM32\WINMM.dll
0x00000000008e0000 - 0x000000000090b000 	C:\Windows\SYSTEM32\WINMMBASE.dll
0x00007ffc16f50000 - 0x00007ffc16f92000 	C:\Windows\System32\cfgmgr32.dll
0x000000006a6f0000 - 0x000000006a6ff000 	C:\Program Files\Java\jdk1.8.0_131\jre\bin\verify.dll
0x000000006a6c0000 - 0x000000006a6e9000 	C:\Program Files\Java\jdk1.8.0_131\jre\bin\java.dll
0x000000006a6a0000 - 0x000000006a6b6000 	C:\Program Files\Java\jdk1.8.0_131\jre\bin\zip.dll
0x00007ffc17aa0000 - 0x00007ffc18fa8000 	C:\Windows\System32\SHELL32.dll
0x00007ffc16fa0000 - 0x00007ffc1767a000 	C:\Windows\System32\windows.storage.dll
0x00007ffc16940000 - 0x00007ffc1698c000 	C:\Windows\System32\powrprof.dll
0x00007ffc1a220000 - 0x00007ffc1a272000 	C:\Windows\System32\shlwapi.dll
0x00007ffc16930000 - 0x00007ffc1693f000 	C:\Windows\System32\kernel.appcore.dll
0x00007ffc17970000 - 0x00007ffc17a19000 	C:\Windows\System32\shcore.dll
0x00007ffc16990000 - 0x00007ffc169a4000 	C:\Windows\System32\profapi.dll
0x000000006a4c0000 - 0x000000006a658000 	C:\Program Files\Java\jdk1.8.0_131\jre\bin\awt.dll
0x00007ffc197d0000 - 0x00007ffc1988f000 	C:\Windows\System32\OLEAUT32.dll
0x00007ffc16b80000 - 0x00007ffc16c1c000 	C:\Windows\System32\msvcp_win.dll
0x00007ffc14ec0000 - 0x00007ffc14f3a000 	C:\Windows\SYSTEM32\apphelp.dll
0x00007ffc14770000 - 0x00007ffc14796000 	C:\Windows\system32\DWMAPI.DLL
0x00007ffc15100000 - 0x00007ffc15195000 	C:\Windows\system32\uxtheme.dll
0x00007ffc0d590000 - 0x00007ffc0d6b3000 	C:\Windows\system32\opengl32.dll
0x00007ffc13410000 - 0x00007ffc1343d000 	C:\Windows\SYSTEM32\GLU32.dll
0x00007ffc0aa20000 - 0x00007ffc0ab17000 	C:\Windows\SYSTEM32\DDRAW.dll
0x00007ffc12620000 - 0x00007ffc12628000 	C:\Windows\SYSTEM32\DCIMAN32.dll
0x00007ffc19a30000 - 0x00007ffc19b8a000 	C:\Windows\System32\MSCTF.dll
0x00007ffc19690000 - 0x00007ffc197c8000 	C:\Windows\System32\ole32.dll
0x00007ffbfcbf0000 - 0x00007ffbfcd7d000 	C:\Windows\system32\d3d9.dll
0x00007ffc0cf90000 - 0x00007ffc0cfb5000 	C:\Windows\SYSTEM32\prl_umdd.dll
0x000000006a470000 - 0x000000006a4b7000 	C:\Program Files\Java\jdk1.8.0_131\jre\bin\fontmanager.dll
0x000000006a680000 - 0x000000006a69a000 	C:\Program Files\Java\jdk1.8.0_131\jre\bin\net.dll
0x00007ffc161f0000 - 0x00007ffc1624c000 	C:\Windows\system32\mswsock.dll
0x000000006a660000 - 0x000000006a671000 	C:\Program Files\Java\jdk1.8.0_131\jre\bin\nio.dll
0x000000006a420000 - 0x000000006a462000 	C:\Program Files\Java\jdk1.8.0_131\jre\bin\t2k.dll

VM Arguments:
jvm_args: -Dfile.encoding=UTF-8 
java_command: pr1.ProgressBarExample
java_class_path (initial): \\Mac\Home\Desktop\twitter4j-4.0.4\lib\twitter4j-async-4.0.4.jar;\\Mac\Home\Desktop\twitter4j-4.0.4\lib\twitter4j-core-4.0.4.jar;\\Mac\Home\Desktop\twitter4j-4.0.4\lib\twitter4j-examples-4.0.4.jar;\\Mac\Home\Desktop\twitter4j-4.0.4\lib\twitter4j-media-support-4.0.4.jar;\\Mac\Home\Desktop\twitter4j-4.0.4\lib\twitter4j-stream-4.0.4.jar;\\Mac\Home\Desktop\SentiStrength.jar;\\Mac\Home\Desktop\mongo-java-driver-3.4.2-javadoc.jar;\\Mac\Home\Desktop\mongo-java-driver-3.4.2.jar;\\Mac\Home\Desktop\jfreechart-1.0.19\jfreechart-1.0.19\lib\hamcrest-core-1.3.jar;\\Mac\Home\Desktop\jfreechart-1.0.19\jfreechart-1.0.19\lib\jcommon-1.0.23.jar;\\Mac\Home\Desktop\jfreechart-1.0.19\jfreechart-1.0.19\lib\jfreechart-1.0.19-experimental.jar;\\Mac\Home\Desktop\jfreechart-1.0.19\jfreechart-1.0.19\lib\jfreechart-1.0.19-swt.jar;\\Mac\Home\Desktop\jfreechart-1.0.19\jfreechart-1.0.19\lib\jfreechart-1.0.19.jar;\\Mac\Home\Desktop\jfreechart-1.0.19\jfreechart-1.0.19\lib\jfreesvg-2.0.jar;\\Mac\Home\Desktop\jfreechart-1.0.19\jfreechart-1.0.19\lib\junit-4.11.jar;\\Mac\Home\Desktop\jfreechart-1.0.19\jfreechart-1.0.19\lib\orsoncharts-1.4-eval-nofx.jar;\\Mac\Home\Desktop\jfreechart-1.0.19\jfreechart-1.0.19\lib\orsonpdf-1.6-eval.jar;\\Mac\Home\Desktop\jfreechart-1.0.19\jfreechart-1.0.19\lib\servlet.jar;\\Mac\Home\Desktop\jfreechart-1.0.19\jfreechart-1.0.19\lib\swtgraphics2d.jar;\\Mac\Home\Desktop\jcalendar-1.4.jar;\\Mac\Home\Desktop\twitter4j-core-4.0.2.jar;\\Mac\Home\Documents\NetBeansProjects\pr1\build\classes
Launcher Type: SUN_STANDARD

Environment Variables:
PATH=C:\ProgramData\Oracle\Java\javapath;C:\Program Files (x86)\Parallels\Parallels Tools\Applications;C:\Windows\system32;C:\Windows;C:\Windows\System32\Wbem;C:\Windows\System32\WindowsPowerShell\v1.0\;C:\Program Files\MongoDB\Server\3.4\bin
USERNAME=nikitaivancov
OS=Windows_NT
PROCESSOR_IDENTIFIER=Intel64 Family 6 Model 69 Stepping 1, GenuineIntel



---------------  S Y S T E M  ---------------

OS: Windows 10.0 , 64 bit Build 14393 (10.0.14393.1198)

CPU:total 2 (initial active 2) (2 cores per cpu, 1 threads per core) family 6 model 69 stepping 1, cmov, cx8, fxsr, mmx, sse, sse2, sse3, ssse3, sse4.1, sse4.2, popcnt, avx, avx2, aes, clmul, erms, lzcnt, tsc, bmi1, bmi2

Memory: 4k page, physical 1572388k(39188k free), swap 6290980k(348k free)

vm_info: Java HotSpot(TM) 64-Bit Server VM (25.131-b11) for windows-amd64 JRE (1.8.0_131-b11), built on Mar 15 2017 01:23:53 by "java_re" with MS VC++ 10.0 (VS2010)

time: Sat Jul 01 03:39:14 2017
elapsed time: 5081 seconds (0d 1h 24m 41s)

